{"/Applications/bitespeed_assn/vitest.config.ts": {"path":"/Applications/bitespeed_assn/vitest.config.ts","all":true,"statementMap":{"0":{"start":{"line":1,"column":0},"end":{"line":1,"column":45}},"2":{"start":{"line":3,"column":0},"end":{"line":3,"column":29}},"3":{"start":{"line":4,"column":0},"end":{"line":4,"column":9}},"4":{"start":{"line":5,"column":0},"end":{"line":5,"column":18}},"5":{"start":{"line":6,"column":0},"end":{"line":6,"column":24}},"6":{"start":{"line":7,"column":0},"end":{"line":7,"column":15}},"7":{"start":{"line":8,"column":0},"end":{"line":8,"column":21}},"8":{"start":{"line":9,"column":0},"end":{"line":9,"column":41}},"9":{"start":{"line":10,"column":0},"end":{"line":10,"column":16}},"10":{"start":{"line":11,"column":0},"end":{"line":11,"column":24}},"11":{"start":{"line":12,"column":0},"end":{"line":12,"column":16}},"12":{"start":{"line":13,"column":0},"end":{"line":13,"column":23}},"13":{"start":{"line":14,"column":0},"end":{"line":14,"column":23}},"14":{"start":{"line":15,"column":0},"end":{"line":15,"column":8}},"15":{"start":{"line":16,"column":0},"end":{"line":16,"column":6}},"16":{"start":{"line":17,"column":0},"end":{"line":17,"column":4}},"17":{"start":{"line":18,"column":0},"end":{"line":18,"column":3}}},"s":{"0":0,"2":0,"3":0,"4":0,"5":0,"6":0,"7":0,"8":0,"9":0,"10":0,"11":0,"12":0,"13":0,"14":0,"15":0,"16":0,"17":0},"branchMap":{"0":{"type":"branch","line":1,"loc":{"start":{"line":1,"column":0},"end":{"line":18,"column":-87}},"locations":[{"start":{"line":1,"column":0},"end":{"line":18,"column":-87}}]}},"b":{"0":[0]},"fnMap":{"0":{"name":"(empty-report)","decl":{"start":{"line":1,"column":0},"end":{"line":18,"column":-87}},"loc":{"start":{"line":1,"column":0},"end":{"line":18,"column":-87}},"line":1}},"f":{"0":0}}
,"/Applications/bitespeed_assn/src/app.ts": {"path":"/Applications/bitespeed_assn/src/app.ts","all":false,"statementMap":{"0":{"start":{"line":1,"column":0},"end":{"line":1,"column":76}},"7":{"start":{"line":8,"column":0},"end":{"line":8,"column":31}},"10":{"start":{"line":11,"column":0},"end":{"line":11,"column":34}},"11":{"start":{"line":12,"column":0},"end":{"line":12,"column":56}},"12":{"start":{"line":13,"column":0},"end":{"line":13,"column":63}},"13":{"start":{"line":14,"column":0},"end":{"line":14,"column":67}},"16":{"start":{"line":17,"column":0},"end":{"line":17,"column":24}},"19":{"start":{"line":20,"column":0},"end":{"line":20,"column":74}},"20":{"start":{"line":21,"column":0},"end":{"line":21,"column":52}},"21":{"start":{"line":22,"column":0},"end":{"line":22,"column":26}},"22":{"start":{"line":23,"column":0},"end":{"line":23,"column":43}},"23":{"start":{"line":24,"column":0},"end":{"line":24,"column":7}},"24":{"start":{"line":25,"column":0},"end":{"line":25,"column":11}},"25":{"start":{"line":26,"column":0},"end":{"line":26,"column":3}},"26":{"start":{"line":27,"column":0},"end":{"line":27,"column":12}},"27":{"start":{"line":28,"column":0},"end":{"line":28,"column":3}},"30":{"start":{"line":31,"column":0},"end":{"line":31,"column":62}},"31":{"start":{"line":32,"column":0},"end":{"line":32,"column":45}},"32":{"start":{"line":33,"column":0},"end":{"line":33,"column":58}},"33":{"start":{"line":34,"column":0},"end":{"line":34,"column":9}},"34":{"start":{"line":35,"column":0},"end":{"line":35,"column":3}},"37":{"start":{"line":38,"column":0},"end":{"line":38,"column":53}},"38":{"start":{"line":39,"column":0},"end":{"line":39,"column":29}},"39":{"start":{"line":40,"column":0},"end":{"line":40,"column":3}},"42":{"start":{"line":43,"column":0},"end":{"line":43,"column":56}},"43":{"start":{"line":44,"column":0},"end":{"line":44,"column":40}},"44":{"start":{"line":45,"column":0},"end":{"line":45,"column":3}},"47":{"start":{"line":48,"column":0},"end":{"line":48,"column":74}},"48":{"start":{"line":49,"column":0},"end":{"line":49,"column":42}},"49":{"start":{"line":50,"column":0},"end":{"line":50,"column":27}},"51":{"start":{"line":52,"column":0},"end":{"line":52,"column":24}},"52":{"start":{"line":53,"column":0},"end":{"line":53,"column":35}},"53":{"start":{"line":54,"column":0},"end":{"line":54,"column":77}},"54":{"start":{"line":55,"column":0},"end":{"line":55,"column":5}},"55":{"start":{"line":56,"column":0},"end":{"line":56,"column":3}},"57":{"start":{"line":58,"column":0},"end":{"line":58,"column":19}}},"s":{"0":1,"7":1,"10":1,"11":1,"12":1,"13":1,"16":1,"19":1,"20":1,"21":1,"22":1,"23":1,"24":1,"25":1,"26":0,"27":0,"30":1,"31":2,"32":2,"33":2,"34":2,"37":1,"38":0,"39":0,"42":1,"43":2,"44":2,"47":1,"48":0,"49":0,"51":0,"52":0,"53":0,"54":0,"55":0,"57":1},"branchMap":{"0":{"type":"branch","line":20,"loc":{"start":{"line":20,"column":8},"end":{"line":28,"column":3}},"locations":[{"start":{"line":20,"column":8},"end":{"line":28,"column":3}}]},"1":{"type":"branch","line":26,"loc":{"start":{"line":26,"column":2},"end":{"line":28,"column":3}},"locations":[{"start":{"line":26,"column":2},"end":{"line":28,"column":3}}]},"2":{"type":"branch","line":31,"loc":{"start":{"line":31,"column":8},"end":{"line":35,"column":3}},"locations":[{"start":{"line":31,"column":8},"end":{"line":35,"column":3}}]},"3":{"type":"branch","line":43,"loc":{"start":{"line":43,"column":22},"end":{"line":45,"column":3}},"locations":[{"start":{"line":43,"column":22},"end":{"line":45,"column":3}}]}},"b":{"0":[1],"1":[0],"2":[2],"3":[2]},"fnMap":{},"f":{}}
,"/Applications/bitespeed_assn/src/config.ts": {"path":"/Applications/bitespeed_assn/src/config.ts","all":false,"statementMap":{"0":{"start":{"line":1,"column":0},"end":{"line":1,"column":28}},"3":{"start":{"line":4,"column":0},"end":{"line":4,"column":16}},"11":{"start":{"line":12,"column":0},"end":{"line":12,"column":31}},"12":{"start":{"line":13,"column":0},"end":{"line":13,"column":56}},"13":{"start":{"line":14,"column":0},"end":{"line":14,"column":47}},"14":{"start":{"line":15,"column":0},"end":{"line":15,"column":56}},"16":{"start":{"line":17,"column":0},"end":{"line":17,"column":21}},"17":{"start":{"line":18,"column":0},"end":{"line":18,"column":69}},"18":{"start":{"line":19,"column":0},"end":{"line":19,"column":3}},"20":{"start":{"line":21,"column":0},"end":{"line":21,"column":10}},"21":{"start":{"line":22,"column":0},"end":{"line":22,"column":9}},"22":{"start":{"line":23,"column":0},"end":{"line":23,"column":16}},"23":{"start":{"line":24,"column":0},"end":{"line":24,"column":12}},"24":{"start":{"line":25,"column":0},"end":{"line":25,"column":4}},"25":{"start":{"line":26,"column":0},"end":{"line":26,"column":1}},"27":{"start":{"line":28,"column":0},"end":{"line":28,"column":35}}},"s":{"0":1,"3":1,"11":1,"12":1,"13":1,"14":1,"16":1,"17":0,"18":0,"20":1,"21":1,"22":1,"23":1,"24":1,"25":1,"27":1},"branchMap":{"0":{"type":"branch","line":12,"loc":{"start":{"line":12,"column":0},"end":{"line":26,"column":1}},"locations":[{"start":{"line":12,"column":0},"end":{"line":26,"column":1}}]},"1":{"type":"branch","line":13,"loc":{"start":{"line":13,"column":36},"end":{"line":13,"column":52}},"locations":[{"start":{"line":13,"column":36},"end":{"line":13,"column":52}}]},"2":{"type":"branch","line":15,"loc":{"start":{"line":15,"column":30},"end":{"line":15,"column":56}},"locations":[{"start":{"line":15,"column":30},"end":{"line":15,"column":56}}]},"3":{"type":"branch","line":17,"loc":{"start":{"line":17,"column":20},"end":{"line":19,"column":3}},"locations":[{"start":{"line":17,"column":20},"end":{"line":19,"column":3}}]}},"b":{"0":[1],"1":[0],"2":[0],"3":[0]},"fnMap":{"0":{"name":"loadConfig","decl":{"start":{"line":12,"column":0},"end":{"line":26,"column":1}},"loc":{"start":{"line":12,"column":0},"end":{"line":26,"column":1}},"line":12}},"f":{"0":1}}
,"/Applications/bitespeed_assn/src/index.ts": {"path":"/Applications/bitespeed_assn/src/index.ts","all":true,"statementMap":{"0":{"start":{"line":1,"column":0},"end":{"line":1,"column":36}},"1":{"start":{"line":2,"column":0},"end":{"line":2,"column":34}},"4":{"start":{"line":5,"column":0},"end":{"line":5,"column":46}},"5":{"start":{"line":6,"column":0},"end":{"line":6,"column":58}},"6":{"start":{"line":7,"column":0},"end":{"line":7,"column":48}},"7":{"start":{"line":8,"column":0},"end":{"line":8,"column":3}},"10":{"start":{"line":11,"column":0},"end":{"line":11,"column":35}},"11":{"start":{"line":12,"column":0},"end":{"line":12,"column":62}},"12":{"start":{"line":13,"column":0},"end":{"line":13,"column":28}},"13":{"start":{"line":14,"column":0},"end":{"line":14,"column":38}},"14":{"start":{"line":15,"column":0},"end":{"line":15,"column":31}},"15":{"start":{"line":16,"column":0},"end":{"line":16,"column":46}},"16":{"start":{"line":17,"column":0},"end":{"line":17,"column":5}},"17":{"start":{"line":18,"column":0},"end":{"line":18,"column":3}},"19":{"start":{"line":20,"column":0},"end":{"line":20,"column":34}},"20":{"start":{"line":21,"column":0},"end":{"line":21,"column":61}},"21":{"start":{"line":22,"column":0},"end":{"line":22,"column":28}},"22":{"start":{"line":23,"column":0},"end":{"line":23,"column":38}},"23":{"start":{"line":24,"column":0},"end":{"line":24,"column":31}},"24":{"start":{"line":25,"column":0},"end":{"line":25,"column":46}},"25":{"start":{"line":26,"column":0},"end":{"line":26,"column":5}},"26":{"start":{"line":27,"column":0},"end":{"line":27,"column":3}}},"s":{"0":0,"1":0,"4":0,"5":0,"6":0,"7":0,"10":0,"11":0,"12":0,"13":0,"14":0,"15":0,"16":0,"17":0,"19":0,"20":0,"21":0,"22":0,"23":0,"24":0,"25":0,"26":0},"branchMap":{"0":{"type":"branch","line":1,"loc":{"start":{"line":1,"column":0},"end":{"line":27,"column":-217}},"locations":[{"start":{"line":1,"column":0},"end":{"line":27,"column":-217}}]}},"b":{"0":[0]},"fnMap":{"0":{"name":"(empty-report)","decl":{"start":{"line":1,"column":0},"end":{"line":27,"column":-217}},"loc":{"start":{"line":1,"column":0},"end":{"line":27,"column":-217}},"line":1}},"f":{"0":0}}
,"/Applications/bitespeed_assn/src/controllers/IdentityController.ts": {"path":"/Applications/bitespeed_assn/src/controllers/IdentityController.ts","all":false,"statementMap":{"3":{"start":{"line":4,"column":0},"end":{"line":4,"column":33}},"4":{"start":{"line":5,"column":0},"end":{"line":5,"column":43}},"6":{"start":{"line":7,"column":0},"end":{"line":7,"column":49}},"7":{"start":{"line":8,"column":0},"end":{"line":8,"column":43}},"8":{"start":{"line":9,"column":0},"end":{"line":9,"column":3}},"15":{"start":{"line":16,"column":0},"end":{"line":16,"column":62}},"16":{"start":{"line":17,"column":0},"end":{"line":17,"column":9}},"18":{"start":{"line":19,"column":0},"end":{"line":19,"column":46}},"21":{"start":{"line":22,"column":0},"end":{"line":22,"column":35}},"22":{"start":{"line":23,"column":0},"end":{"line":23,"column":30}},"23":{"start":{"line":24,"column":0},"end":{"line":24,"column":56}},"24":{"start":{"line":25,"column":0},"end":{"line":25,"column":11}},"25":{"start":{"line":26,"column":0},"end":{"line":26,"column":15}},"26":{"start":{"line":27,"column":0},"end":{"line":27,"column":7}},"29":{"start":{"line":30,"column":0},"end":{"line":30,"column":79}},"30":{"start":{"line":31,"column":0},"end":{"line":31,"column":30}},"31":{"start":{"line":32,"column":0},"end":{"line":32,"column":41}},"32":{"start":{"line":33,"column":0},"end":{"line":33,"column":11}},"33":{"start":{"line":34,"column":0},"end":{"line":34,"column":15}},"34":{"start":{"line":35,"column":0},"end":{"line":35,"column":7}},"36":{"start":{"line":37,"column":0},"end":{"line":37,"column":97}},"37":{"start":{"line":38,"column":0},"end":{"line":38,"column":30}},"38":{"start":{"line":39,"column":0},"end":{"line":39,"column":47}},"39":{"start":{"line":40,"column":0},"end":{"line":40,"column":11}},"40":{"start":{"line":41,"column":0},"end":{"line":41,"column":15}},"41":{"start":{"line":42,"column":0},"end":{"line":42,"column":7}},"44":{"start":{"line":45,"column":0},"end":{"line":45,"column":79}},"45":{"start":{"line":46,"column":0},"end":{"line":46,"column":22}},"46":{"start":{"line":47,"column":0},"end":{"line":47,"column":27}},"47":{"start":{"line":48,"column":0},"end":{"line":48,"column":8}},"50":{"start":{"line":51,"column":0},"end":{"line":51,"column":28}},"51":{"start":{"line":52,"column":0},"end":{"line":52,"column":18}},"52":{"start":{"line":53,"column":0},"end":{"line":53,"column":65}},"53":{"start":{"line":54,"column":0},"end":{"line":54,"column":45}},"54":{"start":{"line":55,"column":0},"end":{"line":55,"column":57}},"55":{"start":{"line":56,"column":0},"end":{"line":56,"column":70}},"56":{"start":{"line":57,"column":0},"end":{"line":57,"column":9}},"57":{"start":{"line":58,"column":0},"end":{"line":58,"column":9}},"58":{"start":{"line":59,"column":0},"end":{"line":59,"column":21}},"60":{"start":{"line":61,"column":0},"end":{"line":61,"column":49}},"61":{"start":{"line":62,"column":0},"end":{"line":62,"column":86}},"63":{"start":{"line":64,"column":0},"end":{"line":64,"column":35}},"64":{"start":{"line":65,"column":0},"end":{"line":65,"column":66}},"65":{"start":{"line":66,"column":0},"end":{"line":66,"column":72}},"66":{"start":{"line":67,"column":0},"end":{"line":67,"column":66}},"69":{"start":{"line":70,"column":0},"end":{"line":70,"column":12}},"70":{"start":{"line":71,"column":0},"end":{"line":71,"column":67}},"71":{"start":{"line":72,"column":0},"end":{"line":72,"column":49}},"72":{"start":{"line":73,"column":0},"end":{"line":73,"column":51}},"73":{"start":{"line":74,"column":0},"end":{"line":74,"column":46}},"74":{"start":{"line":75,"column":0},"end":{"line":75,"column":61}},"75":{"start":{"line":76,"column":0},"end":{"line":76,"column":96}},"76":{"start":{"line":77,"column":0},"end":{"line":77,"column":11}},"77":{"start":{"line":78,"column":0},"end":{"line":78,"column":77}},"78":{"start":{"line":79,"column":0},"end":{"line":79,"column":32}},"79":{"start":{"line":80,"column":0},"end":{"line":80,"column":47}},"80":{"start":{"line":81,"column":0},"end":{"line":81,"column":13}},"81":{"start":{"line":82,"column":0},"end":{"line":82,"column":17}},"82":{"start":{"line":83,"column":0},"end":{"line":83,"column":9}},"85":{"start":{"line":86,"column":0},"end":{"line":86,"column":12}},"86":{"start":{"line":87,"column":0},"end":{"line":87,"column":50}},"87":{"start":{"line":88,"column":0},"end":{"line":88,"column":47}},"88":{"start":{"line":89,"column":0},"end":{"line":89,"column":59}},"89":{"start":{"line":90,"column":0},"end":{"line":90,"column":61}},"90":{"start":{"line":91,"column":0},"end":{"line":91,"column":53}},"91":{"start":{"line":92,"column":0},"end":{"line":92,"column":11}},"92":{"start":{"line":93,"column":0},"end":{"line":93,"column":88}},"93":{"start":{"line":94,"column":0},"end":{"line":94,"column":32}},"94":{"start":{"line":95,"column":0},"end":{"line":95,"column":62}},"95":{"start":{"line":96,"column":0},"end":{"line":96,"column":13}},"96":{"start":{"line":97,"column":0},"end":{"line":97,"column":17}},"97":{"start":{"line":98,"column":0},"end":{"line":98,"column":9}},"100":{"start":{"line":101,"column":0},"end":{"line":101,"column":61}},"101":{"start":{"line":102,"column":0},"end":{"line":102,"column":30}},"102":{"start":{"line":103,"column":0},"end":{"line":103,"column":40}},"103":{"start":{"line":104,"column":0},"end":{"line":104,"column":11}},"104":{"start":{"line":105,"column":0},"end":{"line":105,"column":14}},"106":{"start":{"line":107,"column":0},"end":{"line":107,"column":67}},"107":{"start":{"line":108,"column":0},"end":{"line":108,"column":30}},"108":{"start":{"line":109,"column":0},"end":{"line":109,"column":40}},"109":{"start":{"line":110,"column":0},"end":{"line":110,"column":11}},"110":{"start":{"line":111,"column":0},"end":{"line":111,"column":7}},"111":{"start":{"line":112,"column":0},"end":{"line":112,"column":5}},"112":{"start":{"line":113,"column":0},"end":{"line":113,"column":3}},"113":{"start":{"line":114,"column":0},"end":{"line":114,"column":1}}},"s":{"3":1,"4":7,"6":7,"7":7,"8":7,"15":7,"16":8,"18":8,"21":8,"22":2,"23":2,"24":2,"25":2,"26":2,"29":8,"30":2,"31":2,"32":2,"33":2,"34":2,"36":8,"37":1,"38":1,"39":1,"40":1,"41":1,"44":3,"45":6,"46":8,"47":8,"50":0,"51":0,"52":0,"53":0,"54":0,"55":0,"56":0,"57":0,"58":6,"60":3,"61":3,"63":3,"64":3,"65":3,"66":3,"69":3,"70":3,"71":2,"72":2,"73":2,"74":2,"75":2,"76":3,"77":1,"78":1,"79":1,"80":1,"81":1,"82":1,"85":2,"86":2,"87":2,"88":2,"89":1,"90":1,"91":3,"92":1,"93":1,"94":1,"95":1,"96":1,"97":1,"100":1,"101":1,"102":1,"103":1,"104":3,"106":0,"107":0,"108":0,"109":0,"110":0,"111":3,"112":8,"113":7},"branchMap":{"0":{"type":"branch","line":4,"loc":{"start":{"line":4,"column":7},"end":{"line":114,"column":1}},"locations":[{"start":{"line":4,"column":7},"end":{"line":114,"column":1}}]},"1":{"type":"branch","line":7,"loc":{"start":{"line":7,"column":2},"end":{"line":9,"column":3}},"locations":[{"start":{"line":7,"column":2},"end":{"line":9,"column":3}}]},"2":{"type":"branch","line":16,"loc":{"start":{"line":16,"column":2},"end":{"line":113,"column":3}},"locations":[{"start":{"line":16,"column":2},"end":{"line":113,"column":3}}]},"3":{"type":"branch","line":22,"loc":{"start":{"line":22,"column":11},"end":{"line":22,"column":34}},"locations":[{"start":{"line":22,"column":11},"end":{"line":22,"column":34}}]},"4":{"type":"branch","line":22,"loc":{"start":{"line":22,"column":34},"end":{"line":30,"column":51}},"locations":[{"start":{"line":22,"column":34},"end":{"line":30,"column":51}}]},"5":{"type":"branch","line":22,"loc":{"start":{"line":22,"column":34},"end":{"line":27,"column":7}},"locations":[{"start":{"line":22,"column":34},"end":{"line":27,"column":7}}]},"6":{"type":"branch","line":27,"loc":{"start":{"line":27,"column":6},"end":{"line":30,"column":33}},"locations":[{"start":{"line":27,"column":6},"end":{"line":30,"column":33}}]},"7":{"type":"branch","line":30,"loc":{"start":{"line":30,"column":20},"end":{"line":30,"column":51}},"locations":[{"start":{"line":30,"column":20},"end":{"line":30,"column":51}}]},"8":{"type":"branch","line":30,"loc":{"start":{"line":30,"column":43},"end":{"line":30,"column":78}},"locations":[{"start":{"line":30,"column":43},"end":{"line":30,"column":78}}]},"9":{"type":"branch","line":30,"loc":{"start":{"line":30,"column":78},"end":{"line":35,"column":7}},"locations":[{"start":{"line":30,"column":78},"end":{"line":35,"column":7}}]},"10":{"type":"branch","line":35,"loc":{"start":{"line":35,"column":6},"end":{"line":37,"column":63}},"locations":[{"start":{"line":35,"column":6},"end":{"line":37,"column":63}}]},"11":{"type":"branch","line":35,"loc":{"start":{"line":35,"column":6},"end":{"line":37,"column":39}},"locations":[{"start":{"line":35,"column":6},"end":{"line":37,"column":39}}]},"12":{"type":"branch","line":37,"loc":{"start":{"line":37,"column":26},"end":{"line":37,"column":63}},"locations":[{"start":{"line":37,"column":26},"end":{"line":37,"column":63}}]},"13":{"type":"branch","line":37,"loc":{"start":{"line":37,"column":55},"end":{"line":37,"column":96}},"locations":[{"start":{"line":37,"column":55},"end":{"line":37,"column":96}}]},"14":{"type":"branch","line":37,"loc":{"start":{"line":37,"column":96},"end":{"line":46,"column":22}},"locations":[{"start":{"line":37,"column":96},"end":{"line":46,"column":22}}]},"15":{"type":"branch","line":37,"loc":{"start":{"line":37,"column":96},"end":{"line":42,"column":7}},"locations":[{"start":{"line":37,"column":96},"end":{"line":42,"column":7}}]},"16":{"type":"branch","line":42,"loc":{"start":{"line":42,"column":6},"end":{"line":46,"column":17}},"locations":[{"start":{"line":42,"column":6},"end":{"line":46,"column":17}}]},"17":{"type":"branch","line":46,"loc":{"start":{"line":46,"column":8},"end":{"line":46,"column":22}},"locations":[{"start":{"line":46,"column":8},"end":{"line":46,"column":22}}]},"18":{"type":"branch","line":47,"loc":{"start":{"line":47,"column":8},"end":{"line":47,"column":27}},"locations":[{"start":{"line":47,"column":8},"end":{"line":47,"column":27}}]},"19":{"type":"branch","line":48,"loc":{"start":{"line":48,"column":6},"end":{"line":112,"column":5}},"locations":[{"start":{"line":48,"column":6},"end":{"line":112,"column":5}}]},"20":{"type":"branch","line":48,"loc":{"start":{"line":48,"column":6},"end":{"line":59,"column":13}},"locations":[{"start":{"line":48,"column":6},"end":{"line":59,"column":13}}]},"21":{"type":"branch","line":59,"loc":{"start":{"line":59,"column":4},"end":{"line":112,"column":5}},"locations":[{"start":{"line":59,"column":4},"end":{"line":112,"column":5}}]},"22":{"type":"branch","line":71,"loc":{"start":{"line":71,"column":63},"end":{"line":72,"column":49}},"locations":[{"start":{"line":71,"column":63},"end":{"line":72,"column":49}}]},"23":{"type":"branch","line":72,"loc":{"start":{"line":72,"column":45},"end":{"line":73,"column":51}},"locations":[{"start":{"line":72,"column":45},"end":{"line":73,"column":51}}]},"24":{"type":"branch","line":73,"loc":{"start":{"line":73,"column":47},"end":{"line":74,"column":46}},"locations":[{"start":{"line":73,"column":47},"end":{"line":74,"column":46}}]},"25":{"type":"branch","line":74,"loc":{"start":{"line":74,"column":42},"end":{"line":75,"column":61}},"locations":[{"start":{"line":74,"column":42},"end":{"line":75,"column":61}}]},"26":{"type":"branch","line":75,"loc":{"start":{"line":75,"column":25},"end":{"line":76,"column":96}},"locations":[{"start":{"line":75,"column":25},"end":{"line":76,"column":96}}]},"27":{"type":"branch","line":76,"loc":{"start":{"line":76,"column":25},"end":{"line":76,"column":96}},"locations":[{"start":{"line":76,"column":25},"end":{"line":76,"column":96}}]},"28":{"type":"branch","line":77,"loc":{"start":{"line":77,"column":10},"end":{"line":83,"column":9}},"locations":[{"start":{"line":77,"column":10},"end":{"line":83,"column":9}}]},"29":{"type":"branch","line":83,"loc":{"start":{"line":83,"column":8},"end":{"line":88,"column":47}},"locations":[{"start":{"line":83,"column":8},"end":{"line":88,"column":47}}]},"30":{"type":"branch","line":88,"loc":{"start":{"line":88,"column":43},"end":{"line":89,"column":59}},"locations":[{"start":{"line":88,"column":43},"end":{"line":89,"column":59}}]},"31":{"type":"branch","line":89,"loc":{"start":{"line":89,"column":25},"end":{"line":90,"column":61}},"locations":[{"start":{"line":89,"column":25},"end":{"line":90,"column":61}}]},"32":{"type":"branch","line":90,"loc":{"start":{"line":90,"column":25},"end":{"line":91,"column":53}},"locations":[{"start":{"line":90,"column":25},"end":{"line":91,"column":53}}]},"33":{"type":"branch","line":92,"loc":{"start":{"line":92,"column":10},"end":{"line":105,"column":13}},"locations":[{"start":{"line":92,"column":10},"end":{"line":105,"column":13}}]},"34":{"type":"branch","line":105,"loc":{"start":{"line":105,"column":6},"end":{"line":111,"column":7}},"locations":[{"start":{"line":105,"column":6},"end":{"line":111,"column":7}}]}},"b":{"0":[7],"1":[7],"2":[8],"3":[3],"4":[7],"5":[2],"6":[6],"7":[5],"8":[5],"9":[2],"10":[6],"11":[4],"12":[1],"13":[1],"14":[6],"15":[1],"16":[3],"17":[0],"18":[3],"19":[6],"20":[0],"21":[3],"22":[2],"23":[2],"24":[2],"25":[2],"26":[2],"27":[1],"28":[1],"29":[2],"30":[2],"31":[1],"32":[1],"33":[1],"34":[0]},"fnMap":{"0":{"name":"<instance_members_initializer>","decl":{"start":{"line":4,"column":7},"end":{"line":114,"column":1}},"loc":{"start":{"line":4,"column":7},"end":{"line":114,"column":1}},"line":4},"1":{"name":"IdentityController","decl":{"start":{"line":7,"column":2},"end":{"line":9,"column":3}},"loc":{"start":{"line":7,"column":2},"end":{"line":9,"column":3}},"line":7},"2":{"name":"identify","decl":{"start":{"line":16,"column":2},"end":{"line":113,"column":3}},"loc":{"start":{"line":16,"column":2},"end":{"line":113,"column":3}},"line":16}},"f":{"0":7,"1":7,"2":8}}
,"/Applications/bitespeed_assn/src/repositories/ContactRepository.ts": {"path":"/Applications/bitespeed_assn/src/repositories/ContactRepository.ts","all":false,"statementMap":{"3":{"start":{"line":4,"column":0},"end":{"line":4,"column":32}},"4":{"start":{"line":5,"column":0},"end":{"line":5,"column":31}},"6":{"start":{"line":7,"column":0},"end":{"line":7,"column":37}},"7":{"start":{"line":8,"column":0},"end":{"line":8,"column":25}},"8":{"start":{"line":9,"column":0},"end":{"line":9,"column":3}},"13":{"start":{"line":14,"column":0},"end":{"line":14,"column":56}},"14":{"start":{"line":15,"column":0},"end":{"line":15,"column":9}},"15":{"start":{"line":16,"column":0},"end":{"line":16,"column":59}},"16":{"start":{"line":17,"column":0},"end":{"line":17,"column":25}},"17":{"start":{"line":18,"column":0},"end":{"line":18,"column":9}},"18":{"start":{"line":19,"column":0},"end":{"line":19,"column":35}},"19":{"start":{"line":20,"column":0},"end":{"line":20,"column":21}},"20":{"start":{"line":21,"column":0},"end":{"line":21,"column":72}},"21":{"start":{"line":22,"column":0},"end":{"line":22,"column":18}},"22":{"start":{"line":23,"column":0},"end":{"line":23,"column":5}},"23":{"start":{"line":24,"column":0},"end":{"line":24,"column":3}},"28":{"start":{"line":29,"column":0},"end":{"line":29,"column":68}},"29":{"start":{"line":30,"column":0},"end":{"line":30,"column":9}},"30":{"start":{"line":31,"column":0},"end":{"line":31,"column":59}},"31":{"start":{"line":32,"column":0},"end":{"line":32,"column":31}},"32":{"start":{"line":33,"column":0},"end":{"line":33,"column":9}},"33":{"start":{"line":34,"column":0},"end":{"line":34,"column":35}},"34":{"start":{"line":35,"column":0},"end":{"line":35,"column":21}},"35":{"start":{"line":36,"column":0},"end":{"line":36,"column":78}},"36":{"start":{"line":37,"column":0},"end":{"line":37,"column":18}},"37":{"start":{"line":38,"column":0},"end":{"line":38,"column":5}},"38":{"start":{"line":39,"column":0},"end":{"line":39,"column":3}},"43":{"start":{"line":44,"column":0},"end":{"line":44,"column":33}},"44":{"start":{"line":45,"column":0},"end":{"line":45,"column":25}},"45":{"start":{"line":46,"column":0},"end":{"line":46,"column":30}},"46":{"start":{"line":47,"column":0},"end":{"line":47,"column":25}},"47":{"start":{"line":48,"column":0},"end":{"line":48,"column":9}},"48":{"start":{"line":49,"column":0},"end":{"line":49,"column":33}},"50":{"start":{"line":51,"column":0},"end":{"line":51,"column":18}},"51":{"start":{"line":52,"column":0},"end":{"line":52,"column":40}},"52":{"start":{"line":53,"column":0},"end":{"line":53,"column":7}},"54":{"start":{"line":55,"column":0},"end":{"line":55,"column":24}},"55":{"start":{"line":56,"column":0},"end":{"line":56,"column":46}},"56":{"start":{"line":57,"column":0},"end":{"line":57,"column":7}},"58":{"start":{"line":59,"column":0},"end":{"line":59,"column":41}},"59":{"start":{"line":60,"column":0},"end":{"line":60,"column":18}},"60":{"start":{"line":61,"column":0},"end":{"line":61,"column":7}},"62":{"start":{"line":63,"column":0},"end":{"line":63,"column":59}},"63":{"start":{"line":64,"column":0},"end":{"line":64,"column":16}},"64":{"start":{"line":65,"column":0},"end":{"line":65,"column":30}},"65":{"start":{"line":66,"column":0},"end":{"line":66,"column":10}},"66":{"start":{"line":67,"column":0},"end":{"line":67,"column":9}},"68":{"start":{"line":69,"column":0},"end":{"line":69,"column":35}},"69":{"start":{"line":70,"column":0},"end":{"line":70,"column":21}},"70":{"start":{"line":71,"column":0},"end":{"line":71,"column":85}},"71":{"start":{"line":72,"column":0},"end":{"line":72,"column":18}},"72":{"start":{"line":73,"column":0},"end":{"line":73,"column":5}},"73":{"start":{"line":74,"column":0},"end":{"line":74,"column":3}},"78":{"start":{"line":79,"column":0},"end":{"line":79,"column":55}},"79":{"start":{"line":80,"column":0},"end":{"line":80,"column":9}},"80":{"start":{"line":81,"column":0},"end":{"line":81,"column":60}},"81":{"start":{"line":82,"column":0},"end":{"line":82,"column":22}},"82":{"start":{"line":83,"column":0},"end":{"line":83,"column":9}},"83":{"start":{"line":84,"column":0},"end":{"line":84,"column":39}},"84":{"start":{"line":85,"column":0},"end":{"line":85,"column":21}},"85":{"start":{"line":86,"column":0},"end":{"line":86,"column":69}},"86":{"start":{"line":87,"column":0},"end":{"line":87,"column":18}},"87":{"start":{"line":88,"column":0},"end":{"line":88,"column":5}},"88":{"start":{"line":89,"column":0},"end":{"line":89,"column":3}},"93":{"start":{"line":94,"column":0},"end":{"line":94,"column":62}},"94":{"start":{"line":95,"column":0},"end":{"line":95,"column":9}},"95":{"start":{"line":96,"column":0},"end":{"line":96,"column":59}},"96":{"start":{"line":97,"column":0},"end":{"line":97,"column":16}},"97":{"start":{"line":98,"column":0},"end":{"line":98,"column":30}},"98":{"start":{"line":99,"column":0},"end":{"line":99,"column":38}},"99":{"start":{"line":100,"column":0},"end":{"line":100,"column":10}},"100":{"start":{"line":101,"column":0},"end":{"line":101,"column":9}},"101":{"start":{"line":102,"column":0},"end":{"line":102,"column":35}},"102":{"start":{"line":103,"column":0},"end":{"line":103,"column":21}},"103":{"start":{"line":104,"column":0},"end":{"line":104,"column":74}},"104":{"start":{"line":105,"column":0},"end":{"line":105,"column":18}},"105":{"start":{"line":106,"column":0},"end":{"line":106,"column":5}},"106":{"start":{"line":107,"column":0},"end":{"line":107,"column":3}},"111":{"start":{"line":112,"column":0},"end":{"line":112,"column":59}},"112":{"start":{"line":113,"column":0},"end":{"line":113,"column":9}},"113":{"start":{"line":114,"column":0},"end":{"line":114,"column":56}},"114":{"start":{"line":115,"column":0},"end":{"line":115,"column":15}},"115":{"start":{"line":116,"column":0},"end":{"line":116,"column":36}},"116":{"start":{"line":117,"column":0},"end":{"line":117,"column":48}},"117":{"start":{"line":118,"column":0},"end":{"line":118,"column":42}},"118":{"start":{"line":119,"column":0},"end":{"line":119,"column":46}},"119":{"start":{"line":120,"column":0},"end":{"line":120,"column":10}},"120":{"start":{"line":121,"column":0},"end":{"line":121,"column":9}},"121":{"start":{"line":122,"column":0},"end":{"line":122,"column":32}},"122":{"start":{"line":123,"column":0},"end":{"line":123,"column":21}},"123":{"start":{"line":124,"column":0},"end":{"line":124,"column":67}},"124":{"start":{"line":125,"column":0},"end":{"line":125,"column":18}},"125":{"start":{"line":126,"column":0},"end":{"line":126,"column":5}},"126":{"start":{"line":127,"column":0},"end":{"line":127,"column":3}},"131":{"start":{"line":132,"column":0},"end":{"line":132,"column":71}},"132":{"start":{"line":133,"column":0},"end":{"line":133,"column":9}},"133":{"start":{"line":134,"column":0},"end":{"line":134,"column":56}},"134":{"start":{"line":135,"column":0},"end":{"line":135,"column":22}},"135":{"start":{"line":136,"column":0},"end":{"line":136,"column":15}},"136":{"start":{"line":137,"column":0},"end":{"line":137,"column":65}},"137":{"start":{"line":138,"column":0},"end":{"line":138,"column":83}},"138":{"start":{"line":139,"column":0},"end":{"line":139,"column":74}},"139":{"start":{"line":140,"column":0},"end":{"line":140,"column":92}},"140":{"start":{"line":141,"column":0},"end":{"line":141,"column":10}},"141":{"start":{"line":142,"column":0},"end":{"line":142,"column":9}},"142":{"start":{"line":143,"column":0},"end":{"line":143,"column":32}},"143":{"start":{"line":144,"column":0},"end":{"line":144,"column":21}},"144":{"start":{"line":145,"column":0},"end":{"line":145,"column":67}},"145":{"start":{"line":146,"column":0},"end":{"line":146,"column":18}},"146":{"start":{"line":147,"column":0},"end":{"line":147,"column":5}},"147":{"start":{"line":148,"column":0},"end":{"line":148,"column":3}},"152":{"start":{"line":153,"column":0},"end":{"line":153,"column":75}},"153":{"start":{"line":154,"column":0},"end":{"line":154,"column":9}},"154":{"start":{"line":155,"column":0},"end":{"line":155,"column":44}},"155":{"start":{"line":156,"column":0},"end":{"line":156,"column":16}},"156":{"start":{"line":157,"column":0},"end":{"line":157,"column":26}},"157":{"start":{"line":158,"column":0},"end":{"line":158,"column":10}},"158":{"start":{"line":159,"column":0},"end":{"line":159,"column":15}},"159":{"start":{"line":160,"column":0},"end":{"line":160,"column":74}},"160":{"start":{"line":161,"column":0},"end":{"line":161,"column":92}},"161":{"start":{"line":162,"column":0},"end":{"line":162,"column":10}},"162":{"start":{"line":163,"column":0},"end":{"line":163,"column":9}},"163":{"start":{"line":164,"column":0},"end":{"line":164,"column":21}},"164":{"start":{"line":165,"column":0},"end":{"line":165,"column":71}},"165":{"start":{"line":166,"column":0},"end":{"line":166,"column":18}},"166":{"start":{"line":167,"column":0},"end":{"line":167,"column":5}},"167":{"start":{"line":168,"column":0},"end":{"line":168,"column":3}},"173":{"start":{"line":174,"column":0},"end":{"line":174,"column":78}},"174":{"start":{"line":175,"column":0},"end":{"line":175,"column":9}},"175":{"start":{"line":176,"column":0},"end":{"line":176,"column":59}},"176":{"start":{"line":177,"column":0},"end":{"line":177,"column":44}},"177":{"start":{"line":178,"column":0},"end":{"line":178,"column":9}},"178":{"start":{"line":179,"column":0},"end":{"line":179,"column":21}},"180":{"start":{"line":181,"column":0},"end":{"line":181,"column":86}},"181":{"start":{"line":182,"column":0},"end":{"line":182,"column":18}},"182":{"start":{"line":183,"column":0},"end":{"line":183,"column":5}},"183":{"start":{"line":184,"column":0},"end":{"line":184,"column":3}},"184":{"start":{"line":185,"column":0},"end":{"line":185,"column":1}}},"s":{"3":1,"4":17,"6":17,"7":17,"8":17,"13":17,"14":0,"15":0,"16":0,"17":0,"18":0,"19":0,"20":0,"21":0,"22":0,"23":0,"28":17,"29":0,"30":0,"31":0,"32":0,"33":0,"34":0,"35":0,"36":0,"37":0,"38":0,"43":17,"44":5,"45":5,"46":5,"47":5,"48":5,"50":5,"51":5,"52":5,"54":5,"55":5,"56":5,"58":5,"59":0,"60":0,"62":5,"63":5,"64":5,"65":5,"66":5,"68":5,"69":5,"70":0,"71":0,"72":0,"73":5,"78":17,"79":11,"80":11,"81":11,"82":11,"83":11,"84":11,"85":0,"86":0,"87":0,"88":11,"93":17,"94":8,"95":8,"96":8,"97":8,"98":8,"99":8,"100":8,"101":8,"102":8,"103":0,"104":0,"105":0,"106":8,"111":17,"112":17,"113":17,"114":17,"115":17,"116":17,"117":17,"118":17,"119":17,"120":17,"121":17,"122":17,"123":0,"124":0,"125":0,"126":17,"131":17,"132":4,"133":4,"134":4,"135":4,"136":4,"137":4,"138":4,"139":4,"140":4,"141":4,"142":3,"143":4,"144":1,"145":1,"146":1,"147":4,"152":17,"153":1,"154":1,"155":1,"156":1,"157":1,"158":1,"159":1,"160":1,"161":1,"162":1,"163":1,"164":0,"165":0,"166":0,"167":1,"173":17,"174":8,"175":8,"176":8,"177":8,"178":8,"180":1,"181":1,"182":1,"183":8,"184":17},"branchMap":{"0":{"type":"branch","line":4,"loc":{"start":{"line":4,"column":7},"end":{"line":185,"column":1}},"locations":[{"start":{"line":4,"column":7},"end":{"line":185,"column":1}}]},"1":{"type":"branch","line":7,"loc":{"start":{"line":7,"column":2},"end":{"line":9,"column":3}},"locations":[{"start":{"line":7,"column":2},"end":{"line":9,"column":3}}]},"2":{"type":"branch","line":44,"loc":{"start":{"line":44,"column":2},"end":{"line":74,"column":3}},"locations":[{"start":{"line":44,"column":2},"end":{"line":74,"column":3}}]},"3":{"type":"branch","line":59,"loc":{"start":{"line":59,"column":40},"end":{"line":61,"column":7}},"locations":[{"start":{"line":59,"column":40},"end":{"line":61,"column":7}}]},"4":{"type":"branch","line":70,"loc":{"start":{"line":70,"column":4},"end":{"line":73,"column":5}},"locations":[{"start":{"line":70,"column":4},"end":{"line":73,"column":5}}]},"5":{"type":"branch","line":79,"loc":{"start":{"line":79,"column":2},"end":{"line":89,"column":3}},"locations":[{"start":{"line":79,"column":2},"end":{"line":89,"column":3}}]},"6":{"type":"branch","line":85,"loc":{"start":{"line":85,"column":4},"end":{"line":88,"column":5}},"locations":[{"start":{"line":85,"column":4},"end":{"line":88,"column":5}}]},"7":{"type":"branch","line":94,"loc":{"start":{"line":94,"column":2},"end":{"line":107,"column":3}},"locations":[{"start":{"line":94,"column":2},"end":{"line":107,"column":3}}]},"8":{"type":"branch","line":103,"loc":{"start":{"line":103,"column":4},"end":{"line":106,"column":5}},"locations":[{"start":{"line":103,"column":4},"end":{"line":106,"column":5}}]},"9":{"type":"branch","line":112,"loc":{"start":{"line":112,"column":2},"end":{"line":127,"column":3}},"locations":[{"start":{"line":112,"column":2},"end":{"line":127,"column":3}}]},"10":{"type":"branch","line":116,"loc":{"start":{"line":116,"column":22},"end":{"line":116,"column":36}},"locations":[{"start":{"line":116,"column":22},"end":{"line":116,"column":36}}]},"11":{"type":"branch","line":117,"loc":{"start":{"line":117,"column":28},"end":{"line":117,"column":48}},"locations":[{"start":{"line":117,"column":28},"end":{"line":117,"column":48}}]},"12":{"type":"branch","line":118,"loc":{"start":{"line":118,"column":25},"end":{"line":118,"column":42}},"locations":[{"start":{"line":118,"column":25},"end":{"line":118,"column":42}}]},"13":{"type":"branch","line":123,"loc":{"start":{"line":123,"column":4},"end":{"line":126,"column":5}},"locations":[{"start":{"line":123,"column":4},"end":{"line":126,"column":5}}]},"14":{"type":"branch","line":132,"loc":{"start":{"line":132,"column":2},"end":{"line":148,"column":3}},"locations":[{"start":{"line":132,"column":2},"end":{"line":148,"column":3}}]},"15":{"type":"branch","line":137,"loc":{"start":{"line":137,"column":29},"end":{"line":137,"column":65}},"locations":[{"start":{"line":137,"column":29},"end":{"line":137,"column":65}}]},"16":{"type":"branch","line":138,"loc":{"start":{"line":138,"column":35},"end":{"line":138,"column":83}},"locations":[{"start":{"line":138,"column":35},"end":{"line":138,"column":83}}]},"17":{"type":"branch","line":142,"loc":{"start":{"line":142,"column":7},"end":{"line":144,"column":13}},"locations":[{"start":{"line":142,"column":7},"end":{"line":144,"column":13}}]},"18":{"type":"branch","line":144,"loc":{"start":{"line":144,"column":4},"end":{"line":147,"column":5}},"locations":[{"start":{"line":144,"column":4},"end":{"line":147,"column":5}}]},"19":{"type":"branch","line":153,"loc":{"start":{"line":153,"column":2},"end":{"line":168,"column":3}},"locations":[{"start":{"line":153,"column":2},"end":{"line":168,"column":3}}]},"20":{"type":"branch","line":161,"loc":{"start":{"line":161,"column":38},"end":{"line":161,"column":92}},"locations":[{"start":{"line":161,"column":38},"end":{"line":161,"column":92}}]},"21":{"type":"branch","line":164,"loc":{"start":{"line":164,"column":4},"end":{"line":167,"column":5}},"locations":[{"start":{"line":164,"column":4},"end":{"line":167,"column":5}}]},"22":{"type":"branch","line":174,"loc":{"start":{"line":174,"column":2},"end":{"line":184,"column":3}},"locations":[{"start":{"line":174,"column":2},"end":{"line":184,"column":3}}]},"23":{"type":"branch","line":179,"loc":{"start":{"line":179,"column":4},"end":{"line":183,"column":5}},"locations":[{"start":{"line":179,"column":4},"end":{"line":183,"column":5}}]},"24":{"type":"branch","line":176,"loc":{"start":{"line":176,"column":44},"end":{"line":178,"column":7}},"locations":[{"start":{"line":176,"column":44},"end":{"line":178,"column":7}}]}},"b":{"0":[17],"1":[17],"2":[5],"3":[0],"4":[0],"5":[11],"6":[0],"7":[8],"8":[0],"9":[17],"10":[2],"11":[2],"12":[12],"13":[0],"14":[4],"15":[0],"16":[0],"17":[3],"18":[1],"19":[1],"20":[0],"21":[0],"22":[8],"23":[1],"24":[8]},"fnMap":{"0":{"name":"<instance_members_initializer>","decl":{"start":{"line":4,"column":7},"end":{"line":185,"column":1}},"loc":{"start":{"line":4,"column":7},"end":{"line":185,"column":1}},"line":4},"1":{"name":"ContactRepository","decl":{"start":{"line":7,"column":2},"end":{"line":9,"column":3}},"loc":{"start":{"line":7,"column":2},"end":{"line":9,"column":3}},"line":7},"2":{"name":"findByEmail","decl":{"start":{"line":14,"column":2},"end":{"line":24,"column":3}},"loc":{"start":{"line":14,"column":2},"end":{"line":24,"column":3}},"line":14},"3":{"name":"findByPhoneNumber","decl":{"start":{"line":29,"column":2},"end":{"line":39,"column":3}},"loc":{"start":{"line":29,"column":2},"end":{"line":39,"column":3}},"line":29},"4":{"name":"findByEmailOrPhoneNumber","decl":{"start":{"line":44,"column":2},"end":{"line":74,"column":3}},"loc":{"start":{"line":44,"column":2},"end":{"line":74,"column":3}},"line":44},"5":{"name":"findById","decl":{"start":{"line":79,"column":2},"end":{"line":89,"column":3}},"loc":{"start":{"line":79,"column":2},"end":{"line":89,"column":3}},"line":79},"6":{"name":"findAllLinked","decl":{"start":{"line":94,"column":2},"end":{"line":107,"column":3}},"loc":{"start":{"line":94,"column":2},"end":{"line":107,"column":3}},"line":94},"7":{"name":"create","decl":{"start":{"line":112,"column":2},"end":{"line":127,"column":3}},"loc":{"start":{"line":112,"column":2},"end":{"line":127,"column":3}},"line":112},"8":{"name":"update","decl":{"start":{"line":132,"column":2},"end":{"line":148,"column":3}},"loc":{"start":{"line":132,"column":2},"end":{"line":148,"column":3}},"line":132},"9":{"name":"updateMany","decl":{"start":{"line":153,"column":2},"end":{"line":168,"column":3}},"loc":{"start":{"line":153,"column":2},"end":{"line":168,"column":3}},"line":153},"10":{"name":"transaction","decl":{"start":{"line":174,"column":2},"end":{"line":184,"column":3}},"loc":{"start":{"line":174,"column":2},"end":{"line":184,"column":3}},"line":174}},"f":{"0":17,"1":17,"2":0,"3":0,"4":5,"5":11,"6":8,"7":17,"8":4,"9":1,"10":8}}
,"/Applications/bitespeed_assn/src/services/IdentityService.ts": {"path":"/Applications/bitespeed_assn/src/services/IdentityService.ts","all":false,"statementMap":{"0":{"start":{"line":1,"column":0},"end":{"line":1,"column":70}},"3":{"start":{"line":4,"column":0},"end":{"line":4,"column":30}},"4":{"start":{"line":5,"column":0},"end":{"line":5,"column":40}},"6":{"start":{"line":7,"column":0},"end":{"line":7,"column":46}},"7":{"start":{"line":8,"column":0},"end":{"line":8,"column":33}},"8":{"start":{"line":9,"column":0},"end":{"line":9,"column":3}},"13":{"start":{"line":14,"column":0},"end":{"line":14,"column":37}},"14":{"start":{"line":15,"column":0},"end":{"line":15,"column":25}},"15":{"start":{"line":16,"column":0},"end":{"line":16,"column":30}},"16":{"start":{"line":17,"column":0},"end":{"line":17,"column":25}},"17":{"start":{"line":18,"column":0},"end":{"line":18,"column":78}},"18":{"start":{"line":19,"column":0},"end":{"line":19,"column":3}},"24":{"start":{"line":25,"column":0},"end":{"line":25,"column":86}},"25":{"start":{"line":26,"column":0},"end":{"line":26,"column":31}},"26":{"start":{"line":27,"column":0},"end":{"line":27,"column":18}},"27":{"start":{"line":28,"column":0},"end":{"line":28,"column":5}},"30":{"start":{"line":31,"column":0},"end":{"line":31,"column":29}},"31":{"start":{"line":32,"column":0},"end":{"line":32,"column":50}},"32":{"start":{"line":33,"column":0},"end":{"line":33,"column":69}},"34":{"start":{"line":35,"column":0},"end":{"line":35,"column":31}},"35":{"start":{"line":36,"column":0},"end":{"line":36,"column":51}},"36":{"start":{"line":37,"column":0},"end":{"line":37,"column":5}},"39":{"start":{"line":40,"column":0},"end":{"line":40,"column":41}},"40":{"start":{"line":41,"column":0},"end":{"line":41,"column":28}},"41":{"start":{"line":42,"column":0},"end":{"line":42,"column":61}},"42":{"start":{"line":43,"column":0},"end":{"line":43,"column":5}},"44":{"start":{"line":45,"column":0},"end":{"line":45,"column":61}},"45":{"start":{"line":46,"column":0},"end":{"line":46,"column":19}},"46":{"start":{"line":47,"column":0},"end":{"line":47,"column":71}},"47":{"start":{"line":48,"column":0},"end":{"line":48,"column":5}},"49":{"start":{"line":50,"column":0},"end":{"line":50,"column":19}},"50":{"start":{"line":51,"column":0},"end":{"line":51,"column":3}},"55":{"start":{"line":56,"column":0},"end":{"line":56,"column":33}},"56":{"start":{"line":57,"column":0},"end":{"line":57,"column":25}},"57":{"start":{"line":58,"column":0},"end":{"line":58,"column":31}},"58":{"start":{"line":59,"column":0},"end":{"line":59,"column":28}},"59":{"start":{"line":60,"column":0},"end":{"line":60,"column":43}},"60":{"start":{"line":61,"column":0},"end":{"line":61,"column":23}},"61":{"start":{"line":62,"column":0},"end":{"line":62,"column":41}},"62":{"start":{"line":63,"column":0},"end":{"line":63,"column":12}},"63":{"start":{"line":64,"column":0},"end":{"line":64,"column":18}},"64":{"start":{"line":65,"column":0},"end":{"line":65,"column":15}},"65":{"start":{"line":66,"column":0},"end":{"line":66,"column":21}},"66":{"start":{"line":67,"column":0},"end":{"line":67,"column":7}},"67":{"start":{"line":68,"column":0},"end":{"line":68,"column":3}},"72":{"start":{"line":73,"column":0},"end":{"line":73,"column":73}},"73":{"start":{"line":74,"column":0},"end":{"line":74,"column":17}},"74":{"start":{"line":75,"column":0},"end":{"line":75,"column":19}},"75":{"start":{"line":76,"column":0},"end":{"line":76,"column":5}},"76":{"start":{"line":77,"column":0},"end":{"line":77,"column":61}},"77":{"start":{"line":78,"column":0},"end":{"line":78,"column":3}},"82":{"start":{"line":83,"column":0},"end":{"line":83,"column":85}},"83":{"start":{"line":84,"column":0},"end":{"line":84,"column":23}},"84":{"start":{"line":85,"column":0},"end":{"line":85,"column":19}},"85":{"start":{"line":86,"column":0},"end":{"line":86,"column":5}},"86":{"start":{"line":87,"column":0},"end":{"line":87,"column":73}},"87":{"start":{"line":88,"column":0},"end":{"line":88,"column":3}},"92":{"start":{"line":93,"column":0},"end":{"line":93,"column":39}},"93":{"start":{"line":94,"column":0},"end":{"line":94,"column":25}},"94":{"start":{"line":95,"column":0},"end":{"line":95,"column":31}},"95":{"start":{"line":96,"column":0},"end":{"line":96,"column":22}},"96":{"start":{"line":97,"column":0},"end":{"line":97,"column":14}},"97":{"start":{"line":98,"column":0},"end":{"line":98,"column":90}},"98":{"start":{"line":99,"column":0},"end":{"line":99,"column":3}},"104":{"start":{"line":105,"column":0},"end":{"line":105,"column":39}},"105":{"start":{"line":106,"column":0},"end":{"line":106,"column":25}},"106":{"start":{"line":107,"column":0},"end":{"line":107,"column":31}},"107":{"start":{"line":108,"column":0},"end":{"line":108,"column":27}},"108":{"start":{"line":109,"column":0},"end":{"line":109,"column":23}},"109":{"start":{"line":110,"column":0},"end":{"line":110,"column":41}},"110":{"start":{"line":111,"column":0},"end":{"line":111,"column":12}},"111":{"start":{"line":112,"column":0},"end":{"line":112,"column":18}},"112":{"start":{"line":113,"column":0},"end":{"line":113,"column":34}},"113":{"start":{"line":114,"column":0},"end":{"line":114,"column":34}},"114":{"start":{"line":115,"column":0},"end":{"line":115,"column":7}},"115":{"start":{"line":116,"column":0},"end":{"line":116,"column":3}},"124":{"start":{"line":125,"column":0},"end":{"line":125,"column":62}},"128":{"start":{"line":129,"column":0},"end":{"line":129,"column":5}},"130":{"start":{"line":131,"column":0},"end":{"line":131,"column":74}},"133":{"start":{"line":134,"column":0},"end":{"line":134,"column":31}},"134":{"start":{"line":135,"column":0},"end":{"line":135,"column":14}},"135":{"start":{"line":136,"column":0},"end":{"line":136,"column":36}},"136":{"start":{"line":137,"column":0},"end":{"line":137,"column":27}},"137":{"start":{"line":138,"column":0},"end":{"line":138,"column":27}},"138":{"start":{"line":139,"column":0},"end":{"line":139,"column":8}},"139":{"start":{"line":140,"column":0},"end":{"line":140,"column":5}},"142":{"start":{"line":143,"column":0},"end":{"line":143,"column":43}},"143":{"start":{"line":144,"column":0},"end":{"line":144,"column":61}},"144":{"start":{"line":145,"column":0},"end":{"line":145,"column":6}},"146":{"start":{"line":147,"column":0},"end":{"line":147,"column":12}},"147":{"start":{"line":148,"column":0},"end":{"line":148,"column":33}},"148":{"start":{"line":149,"column":0},"end":{"line":149,"column":39}},"149":{"start":{"line":150,"column":0},"end":{"line":150,"column":39}},"150":{"start":{"line":151,"column":0},"end":{"line":151,"column":6}},"151":{"start":{"line":152,"column":0},"end":{"line":152,"column":3}},"161":{"start":{"line":162,"column":0},"end":{"line":162,"column":29}},"162":{"start":{"line":163,"column":0},"end":{"line":163,"column":26}},"163":{"start":{"line":164,"column":0},"end":{"line":164,"column":25}},"164":{"start":{"line":165,"column":0},"end":{"line":165,"column":20}},"165":{"start":{"line":166,"column":0},"end":{"line":166,"column":57}},"167":{"start":{"line":168,"column":0},"end":{"line":168,"column":51}},"170":{"start":{"line":171,"column":0},"end":{"line":171,"column":44}},"171":{"start":{"line":172,"column":0},"end":{"line":172,"column":34}},"172":{"start":{"line":173,"column":0},"end":{"line":173,"column":36}},"173":{"start":{"line":174,"column":0},"end":{"line":174,"column":9}},"176":{"start":{"line":177,"column":0},"end":{"line":177,"column":67}},"179":{"start":{"line":180,"column":0},"end":{"line":180,"column":32}},"180":{"start":{"line":181,"column":0},"end":{"line":181,"column":49}},"181":{"start":{"line":182,"column":0},"end":{"line":182,"column":43}},"182":{"start":{"line":183,"column":0},"end":{"line":183,"column":36}},"183":{"start":{"line":184,"column":0},"end":{"line":184,"column":11}},"184":{"start":{"line":185,"column":0},"end":{"line":185,"column":7}},"185":{"start":{"line":186,"column":0},"end":{"line":186,"column":7}},"186":{"start":{"line":187,"column":0},"end":{"line":187,"column":3}},"196":{"start":{"line":197,"column":0},"end":{"line":197,"column":36}},"197":{"start":{"line":198,"column":0},"end":{"line":198,"column":27}},"198":{"start":{"line":199,"column":0},"end":{"line":199,"column":35}},"200":{"start":{"line":201,"column":0},"end":{"line":201,"column":85}},"203":{"start":{"line":204,"column":0},"end":{"line":204,"column":63}},"206":{"start":{"line":207,"column":0},"end":{"line":207,"column":53}},"207":{"start":{"line":208,"column":0},"end":{"line":208,"column":61}},"208":{"start":{"line":209,"column":0},"end":{"line":209,"column":6}},"211":{"start":{"line":212,"column":0},"end":{"line":212,"column":32}},"214":{"start":{"line":215,"column":0},"end":{"line":215,"column":31}},"215":{"start":{"line":216,"column":0},"end":{"line":216,"column":40}},"216":{"start":{"line":217,"column":0},"end":{"line":217,"column":5}},"219":{"start":{"line":220,"column":0},"end":{"line":220,"column":46}},"220":{"start":{"line":221,"column":0},"end":{"line":221,"column":61}},"221":{"start":{"line":222,"column":0},"end":{"line":222,"column":35}},"222":{"start":{"line":223,"column":0},"end":{"line":223,"column":7}},"223":{"start":{"line":224,"column":0},"end":{"line":224,"column":5}},"226":{"start":{"line":227,"column":0},"end":{"line":227,"column":38}},"229":{"start":{"line":230,"column":0},"end":{"line":230,"column":37}},"230":{"start":{"line":231,"column":0},"end":{"line":231,"column":52}},"231":{"start":{"line":232,"column":0},"end":{"line":232,"column":5}},"234":{"start":{"line":235,"column":0},"end":{"line":235,"column":46}},"235":{"start":{"line":236,"column":0},"end":{"line":236,"column":79}},"236":{"start":{"line":237,"column":0},"end":{"line":237,"column":47}},"237":{"start":{"line":238,"column":0},"end":{"line":238,"column":7}},"238":{"start":{"line":239,"column":0},"end":{"line":239,"column":5}},"241":{"start":{"line":242,"column":0},"end":{"line":242,"column":65}},"243":{"start":{"line":244,"column":0},"end":{"line":244,"column":12}},"244":{"start":{"line":245,"column":0},"end":{"line":245,"column":42}},"245":{"start":{"line":246,"column":0},"end":{"line":246,"column":13}},"246":{"start":{"line":247,"column":0},"end":{"line":247,"column":19}},"247":{"start":{"line":248,"column":0},"end":{"line":248,"column":26}},"248":{"start":{"line":249,"column":0},"end":{"line":249,"column":6}},"249":{"start":{"line":250,"column":0},"end":{"line":250,"column":3}},"260":{"start":{"line":261,"column":0},"end":{"line":261,"column":26}},"261":{"start":{"line":262,"column":0},"end":{"line":262,"column":25}},"262":{"start":{"line":263,"column":0},"end":{"line":263,"column":30}},"263":{"start":{"line":264,"column":0},"end":{"line":264,"column":35}},"264":{"start":{"line":265,"column":0},"end":{"line":265,"column":9}},"265":{"start":{"line":266,"column":0},"end":{"line":266,"column":66}},"267":{"start":{"line":268,"column":0},"end":{"line":268,"column":53}},"270":{"start":{"line":271,"column":0},"end":{"line":271,"column":82}},"273":{"start":{"line":274,"column":0},"end":{"line":274,"column":35}},"274":{"start":{"line":275,"column":0},"end":{"line":275,"column":50}},"275":{"start":{"line":276,"column":0},"end":{"line":276,"column":18}},"276":{"start":{"line":277,"column":0},"end":{"line":277,"column":24}},"277":{"start":{"line":278,"column":0},"end":{"line":278,"column":27}},"278":{"start":{"line":279,"column":0},"end":{"line":279,"column":38}},"279":{"start":{"line":280,"column":0},"end":{"line":280,"column":13}},"280":{"start":{"line":281,"column":0},"end":{"line":281,"column":60}},"281":{"start":{"line":282,"column":0},"end":{"line":282,"column":9}},"284":{"start":{"line":285,"column":0},"end":{"line":285,"column":92}},"287":{"start":{"line":288,"column":0},"end":{"line":288,"column":69}},"288":{"start":{"line":289,"column":0},"end":{"line":289,"column":54}},"290":{"start":{"line":291,"column":0},"end":{"line":291,"column":67}},"292":{"start":{"line":293,"column":0},"end":{"line":293,"column":83}},"294":{"start":{"line":295,"column":0},"end":{"line":295,"column":40}},"295":{"start":{"line":296,"column":0},"end":{"line":296,"column":9}},"298":{"start":{"line":299,"column":0},"end":{"line":299,"column":90}},"301":{"start":{"line":302,"column":0},"end":{"line":302,"column":25}},"302":{"start":{"line":303,"column":0},"end":{"line":303,"column":31}},"303":{"start":{"line":304,"column":0},"end":{"line":304,"column":18}},"304":{"start":{"line":305,"column":0},"end":{"line":305,"column":24}},"305":{"start":{"line":306,"column":0},"end":{"line":306,"column":40}},"306":{"start":{"line":307,"column":0},"end":{"line":307,"column":40}},"307":{"start":{"line":308,"column":0},"end":{"line":308,"column":13}},"308":{"start":{"line":309,"column":0},"end":{"line":309,"column":9}},"311":{"start":{"line":312,"column":0},"end":{"line":312,"column":78}},"312":{"start":{"line":313,"column":0},"end":{"line":313,"column":9}},"313":{"start":{"line":314,"column":0},"end":{"line":314,"column":21}},"314":{"start":{"line":315,"column":0},"end":{"line":315,"column":76}},"315":{"start":{"line":316,"column":0},"end":{"line":316,"column":18}},"316":{"start":{"line":317,"column":0},"end":{"line":317,"column":5}},"317":{"start":{"line":318,"column":0},"end":{"line":318,"column":3}},"322":{"start":{"line":323,"column":0},"end":{"line":323,"column":51}},"323":{"start":{"line":324,"column":0},"end":{"line":324,"column":23}},"324":{"start":{"line":325,"column":0},"end":{"line":325,"column":27}},"325":{"start":{"line":326,"column":0},"end":{"line":326,"column":23}},"326":{"start":{"line":327,"column":0},"end":{"line":327,"column":31}},"327":{"start":{"line":328,"column":0},"end":{"line":328,"column":69}},"328":{"start":{"line":329,"column":0},"end":{"line":329,"column":5}},"331":{"start":{"line":332,"column":0},"end":{"line":332,"column":29}},"332":{"start":{"line":333,"column":0},"end":{"line":333,"column":50}},"333":{"start":{"line":334,"column":0},"end":{"line":334,"column":69}},"335":{"start":{"line":336,"column":0},"end":{"line":336,"column":31}},"336":{"start":{"line":337,"column":0},"end":{"line":337,"column":51}},"337":{"start":{"line":338,"column":0},"end":{"line":338,"column":5}},"340":{"start":{"line":341,"column":0},"end":{"line":341,"column":41}},"341":{"start":{"line":342,"column":0},"end":{"line":342,"column":28}},"342":{"start":{"line":343,"column":0},"end":{"line":343,"column":61}},"343":{"start":{"line":344,"column":0},"end":{"line":344,"column":5}},"345":{"start":{"line":346,"column":0},"end":{"line":346,"column":50}},"346":{"start":{"line":347,"column":0},"end":{"line":347,"column":19}},"347":{"start":{"line":348,"column":0},"end":{"line":348,"column":71}},"348":{"start":{"line":349,"column":0},"end":{"line":349,"column":5}},"350":{"start":{"line":351,"column":0},"end":{"line":351,"column":19}},"351":{"start":{"line":352,"column":0},"end":{"line":352,"column":3}},"356":{"start":{"line":357,"column":0},"end":{"line":357,"column":42}},"357":{"start":{"line":358,"column":0},"end":{"line":358,"column":26}},"358":{"start":{"line":359,"column":0},"end":{"line":359,"column":26}},"359":{"start":{"line":360,"column":0},"end":{"line":360,"column":27}},"360":{"start":{"line":361,"column":0},"end":{"line":361,"column":20}},"362":{"start":{"line":363,"column":0},"end":{"line":363,"column":40}},"363":{"start":{"line":364,"column":0},"end":{"line":364,"column":32}},"364":{"start":{"line":365,"column":0},"end":{"line":365,"column":34}},"365":{"start":{"line":366,"column":0},"end":{"line":366,"column":7}},"368":{"start":{"line":369,"column":0},"end":{"line":369,"column":63}},"371":{"start":{"line":372,"column":0},"end":{"line":372,"column":30}},"372":{"start":{"line":373,"column":0},"end":{"line":373,"column":47}},"373":{"start":{"line":374,"column":0},"end":{"line":374,"column":39}},"374":{"start":{"line":375,"column":0},"end":{"line":375,"column":34}},"375":{"start":{"line":376,"column":0},"end":{"line":376,"column":9}},"376":{"start":{"line":377,"column":0},"end":{"line":377,"column":5}},"377":{"start":{"line":378,"column":0},"end":{"line":378,"column":3}},"382":{"start":{"line":383,"column":0},"end":{"line":383,"column":44}},"383":{"start":{"line":384,"column":0},"end":{"line":384,"column":28}},"384":{"start":{"line":385,"column":0},"end":{"line":385,"column":27}},"385":{"start":{"line":386,"column":0},"end":{"line":386,"column":35}},"387":{"start":{"line":388,"column":0},"end":{"line":388,"column":74}},"390":{"start":{"line":391,"column":0},"end":{"line":391,"column":53}},"391":{"start":{"line":392,"column":0},"end":{"line":392,"column":61}},"392":{"start":{"line":393,"column":0},"end":{"line":393,"column":6}},"395":{"start":{"line":396,"column":0},"end":{"line":396,"column":32}},"398":{"start":{"line":399,"column":0},"end":{"line":399,"column":31}},"399":{"start":{"line":400,"column":0},"end":{"line":400,"column":40}},"400":{"start":{"line":401,"column":0},"end":{"line":401,"column":5}},"403":{"start":{"line":404,"column":0},"end":{"line":404,"column":46}},"404":{"start":{"line":405,"column":0},"end":{"line":405,"column":61}},"405":{"start":{"line":406,"column":0},"end":{"line":406,"column":35}},"406":{"start":{"line":407,"column":0},"end":{"line":407,"column":7}},"407":{"start":{"line":408,"column":0},"end":{"line":408,"column":5}},"410":{"start":{"line":411,"column":0},"end":{"line":411,"column":38}},"413":{"start":{"line":414,"column":0},"end":{"line":414,"column":37}},"414":{"start":{"line":415,"column":0},"end":{"line":415,"column":52}},"415":{"start":{"line":416,"column":0},"end":{"line":416,"column":5}},"418":{"start":{"line":419,"column":0},"end":{"line":419,"column":46}},"419":{"start":{"line":420,"column":0},"end":{"line":420,"column":79}},"420":{"start":{"line":421,"column":0},"end":{"line":421,"column":47}},"421":{"start":{"line":422,"column":0},"end":{"line":422,"column":7}},"422":{"start":{"line":423,"column":0},"end":{"line":423,"column":5}},"425":{"start":{"line":426,"column":0},"end":{"line":426,"column":65}},"427":{"start":{"line":428,"column":0},"end":{"line":428,"column":12}},"428":{"start":{"line":429,"column":0},"end":{"line":429,"column":42}},"429":{"start":{"line":430,"column":0},"end":{"line":430,"column":13}},"430":{"start":{"line":431,"column":0},"end":{"line":431,"column":19}},"431":{"start":{"line":432,"column":0},"end":{"line":432,"column":26}},"432":{"start":{"line":433,"column":0},"end":{"line":433,"column":6}},"433":{"start":{"line":434,"column":0},"end":{"line":434,"column":3}},"434":{"start":{"line":435,"column":0},"end":{"line":435,"column":1}}},"s":{"0":1,"3":1,"4":9,"6":9,"7":9,"8":9,"13":9,"14":0,"15":0,"16":0,"17":0,"18":0,"24":9,"25":0,"26":0,"27":0,"30":0,"31":0,"32":0,"34":0,"35":0,"36":0,"39":0,"40":0,"41":0,"42":0,"44":0,"45":0,"46":0,"47":0,"49":0,"50":0,"55":9,"56":0,"57":0,"58":0,"59":0,"60":0,"61":0,"62":0,"63":0,"64":0,"65":0,"66":0,"67":0,"72":9,"73":4,"74":0,"75":0,"76":4,"77":4,"82":9,"83":3,"84":0,"85":0,"86":3,"87":3,"92":9,"93":4,"94":4,"95":4,"96":4,"97":4,"98":4,"104":9,"105":0,"106":0,"107":0,"108":0,"109":0,"110":0,"111":0,"112":0,"113":0,"114":0,"115":0,"124":9,"128":4,"130":4,"133":4,"134":3,"135":3,"136":3,"137":3,"138":3,"139":3,"142":1,"143":1,"144":1,"146":1,"147":1,"148":1,"149":1,"150":1,"151":4,"161":9,"162":3,"163":3,"164":3,"165":3,"167":3,"170":3,"171":3,"172":3,"173":3,"176":2,"179":3,"180":1,"181":1,"182":1,"183":1,"184":1,"185":3,"186":3,"196":9,"197":1,"198":1,"200":1,"203":1,"206":1,"207":1,"208":1,"211":1,"214":1,"215":1,"216":1,"219":1,"220":0,"221":0,"222":0,"223":0,"226":1,"229":1,"230":1,"231":1,"234":1,"235":0,"236":0,"237":0,"238":0,"241":1,"243":1,"244":1,"245":1,"246":1,"247":1,"248":1,"249":1,"260":9,"261":5,"262":5,"263":5,"264":5,"265":5,"267":5,"270":5,"273":5,"274":1,"275":1,"276":1,"277":1,"278":1,"279":1,"280":1,"281":1,"284":4,"287":4,"288":4,"290":5,"292":1,"294":1,"295":1,"298":4,"301":5,"302":2,"303":2,"304":2,"305":2,"306":2,"307":2,"308":2,"311":4,"312":5,"313":5,"314":0,"315":0,"316":0,"317":5,"322":9,"323":4,"324":4,"325":4,"326":4,"327":0,"328":0,"331":4,"332":4,"333":4,"335":4,"336":4,"337":4,"340":0,"341":0,"342":0,"343":0,"345":0,"346":0,"347":0,"348":0,"350":0,"351":4,"356":9,"357":1,"358":1,"359":1,"360":1,"362":1,"363":1,"364":1,"365":1,"368":1,"371":1,"372":0,"373":0,"374":0,"375":0,"376":0,"377":1,"382":9,"383":4,"384":4,"385":4,"387":4,"390":4,"391":4,"392":4,"395":4,"398":4,"399":3,"400":3,"403":4,"404":3,"405":1,"406":1,"407":3,"410":4,"413":4,"414":2,"415":2,"418":4,"419":3,"420":2,"421":2,"422":3,"425":4,"427":4,"428":4,"429":4,"430":4,"431":4,"432":4,"433":4,"434":9},"branchMap":{"0":{"type":"branch","line":4,"loc":{"start":{"line":4,"column":7},"end":{"line":435,"column":1}},"locations":[{"start":{"line":4,"column":7},"end":{"line":435,"column":1}}]},"1":{"type":"branch","line":7,"loc":{"start":{"line":7,"column":2},"end":{"line":9,"column":3}},"locations":[{"start":{"line":7,"column":2},"end":{"line":9,"column":3}}]},"2":{"type":"branch","line":73,"loc":{"start":{"line":73,"column":10},"end":{"line":78,"column":3}},"locations":[{"start":{"line":73,"column":10},"end":{"line":78,"column":3}}]},"3":{"type":"branch","line":74,"loc":{"start":{"line":74,"column":16},"end":{"line":76,"column":5}},"locations":[{"start":{"line":74,"column":16},"end":{"line":76,"column":5}}]},"4":{"type":"branch","line":77,"loc":{"start":{"line":77,"column":25},"end":{"line":77,"column":59}},"locations":[{"start":{"line":77,"column":25},"end":{"line":77,"column":59}}]},"5":{"type":"branch","line":83,"loc":{"start":{"line":83,"column":10},"end":{"line":88,"column":3}},"locations":[{"start":{"line":83,"column":10},"end":{"line":88,"column":3}}]},"6":{"type":"branch","line":84,"loc":{"start":{"line":84,"column":22},"end":{"line":86,"column":5}},"locations":[{"start":{"line":84,"column":22},"end":{"line":86,"column":5}}]},"7":{"type":"branch","line":87,"loc":{"start":{"line":87,"column":25},"end":{"line":87,"column":71}},"locations":[{"start":{"line":87,"column":25},"end":{"line":87,"column":71}}]},"8":{"type":"branch","line":93,"loc":{"start":{"line":93,"column":10},"end":{"line":99,"column":3}},"locations":[{"start":{"line":93,"column":10},"end":{"line":99,"column":3}}]},"9":{"type":"branch","line":98,"loc":{"start":{"line":98,"column":41},"end":{"line":98,"column":90}},"locations":[{"start":{"line":98,"column":41},"end":{"line":98,"column":90}}]},"10":{"type":"branch","line":125,"loc":{"start":{"line":125,"column":10},"end":{"line":152,"column":3}},"locations":[{"start":{"line":125,"column":10},"end":{"line":152,"column":3}}]},"11":{"type":"branch","line":134,"loc":{"start":{"line":134,"column":30},"end":{"line":140,"column":5}},"locations":[{"start":{"line":134,"column":30},"end":{"line":140,"column":5}}]},"12":{"type":"branch","line":140,"loc":{"start":{"line":140,"column":4},"end":{"line":151,"column":6}},"locations":[{"start":{"line":140,"column":4},"end":{"line":151,"column":6}}]},"13":{"type":"branch","line":131,"loc":{"start":{"line":131,"column":37},"end":{"line":131,"column":72}},"locations":[{"start":{"line":131,"column":37},"end":{"line":131,"column":72}}]},"14":{"type":"branch","line":144,"loc":{"start":{"line":144,"column":6},"end":{"line":144,"column":61}},"locations":[{"start":{"line":144,"column":6},"end":{"line":144,"column":61}}]},"15":{"type":"branch","line":162,"loc":{"start":{"line":162,"column":2},"end":{"line":187,"column":3}},"locations":[{"start":{"line":162,"column":2},"end":{"line":187,"column":3}}]},"16":{"type":"branch","line":186,"loc":{"start":{"line":186,"column":5},"end":{"line":186,"column":7}},"locations":[{"start":{"line":186,"column":5},"end":{"line":186,"column":7}}]},"17":{"type":"branch","line":166,"loc":{"start":{"line":166,"column":38},"end":{"line":186,"column":5}},"locations":[{"start":{"line":166,"column":38},"end":{"line":186,"column":5}}]},"18":{"type":"branch","line":174,"loc":{"start":{"line":174,"column":7},"end":{"line":180,"column":31}},"locations":[{"start":{"line":174,"column":7},"end":{"line":180,"column":31}}]},"19":{"type":"branch","line":180,"loc":{"start":{"line":180,"column":31},"end":{"line":185,"column":7}},"locations":[{"start":{"line":180,"column":31},"end":{"line":185,"column":7}}]},"20":{"type":"branch","line":181,"loc":{"start":{"line":181,"column":38},"end":{"line":181,"column":47}},"locations":[{"start":{"line":181,"column":38},"end":{"line":181,"column":47}}]},"21":{"type":"branch","line":197,"loc":{"start":{"line":197,"column":2},"end":{"line":250,"column":3}},"locations":[{"start":{"line":197,"column":2},"end":{"line":250,"column":3}}]},"22":{"type":"branch","line":220,"loc":{"start":{"line":220,"column":45},"end":{"line":224,"column":5}},"locations":[{"start":{"line":220,"column":45},"end":{"line":224,"column":5}}]},"23":{"type":"branch","line":235,"loc":{"start":{"line":235,"column":45},"end":{"line":239,"column":5}},"locations":[{"start":{"line":235,"column":45},"end":{"line":239,"column":5}}]},"24":{"type":"branch","line":261,"loc":{"start":{"line":261,"column":2},"end":{"line":318,"column":3}},"locations":[{"start":{"line":261,"column":2},"end":{"line":318,"column":3}}]},"25":{"type":"branch","line":314,"loc":{"start":{"line":314,"column":4},"end":{"line":317,"column":5}},"locations":[{"start":{"line":314,"column":4},"end":{"line":317,"column":5}}]},"26":{"type":"branch","line":266,"loc":{"start":{"line":266,"column":47},"end":{"line":313,"column":7}},"locations":[{"start":{"line":266,"column":47},"end":{"line":313,"column":7}}]},"27":{"type":"branch","line":274,"loc":{"start":{"line":274,"column":34},"end":{"line":282,"column":9}},"locations":[{"start":{"line":274,"column":34},"end":{"line":282,"column":9}}]},"28":{"type":"branch","line":282,"loc":{"start":{"line":282,"column":8},"end":{"line":291,"column":36}},"locations":[{"start":{"line":282,"column":8},"end":{"line":291,"column":36}}]},"29":{"type":"branch","line":291,"loc":{"start":{"line":291,"column":12},"end":{"line":291,"column":52}},"locations":[{"start":{"line":291,"column":12},"end":{"line":291,"column":52}}]},"30":{"type":"branch","line":291,"loc":{"start":{"line":291,"column":36},"end":{"line":291,"column":66}},"locations":[{"start":{"line":291,"column":36},"end":{"line":291,"column":66}}]},"31":{"type":"branch","line":291,"loc":{"start":{"line":291,"column":66},"end":{"line":296,"column":9}},"locations":[{"start":{"line":291,"column":66},"end":{"line":296,"column":9}}]},"32":{"type":"branch","line":296,"loc":{"start":{"line":296,"column":8},"end":{"line":302,"column":24}},"locations":[{"start":{"line":296,"column":8},"end":{"line":302,"column":24}}]},"33":{"type":"branch","line":302,"loc":{"start":{"line":302,"column":24},"end":{"line":309,"column":9}},"locations":[{"start":{"line":302,"column":24},"end":{"line":309,"column":9}}]},"34":{"type":"branch","line":309,"loc":{"start":{"line":309,"column":8},"end":{"line":312,"column":78}},"locations":[{"start":{"line":309,"column":8},"end":{"line":312,"column":78}}]},"35":{"type":"branch","line":323,"loc":{"start":{"line":323,"column":2},"end":{"line":352,"column":3}},"locations":[{"start":{"line":323,"column":2},"end":{"line":352,"column":3}}]},"36":{"type":"branch","line":327,"loc":{"start":{"line":327,"column":30},"end":{"line":329,"column":5}},"locations":[{"start":{"line":327,"column":30},"end":{"line":329,"column":5}}]},"37":{"type":"branch","line":338,"loc":{"start":{"line":338,"column":4},"end":{"line":351,"column":19}},"locations":[{"start":{"line":338,"column":4},"end":{"line":351,"column":19}}]},"38":{"type":"branch","line":333,"loc":{"start":{"line":333,"column":14},"end":{"line":333,"column":49}},"locations":[{"start":{"line":333,"column":14},"end":{"line":333,"column":49}}]},"39":{"type":"branch","line":334,"loc":{"start":{"line":334,"column":12},"end":{"line":334,"column":67}},"locations":[{"start":{"line":334,"column":12},"end":{"line":334,"column":67}}]},"40":{"type":"branch","line":357,"loc":{"start":{"line":357,"column":2},"end":{"line":378,"column":3}},"locations":[{"start":{"line":357,"column":2},"end":{"line":378,"column":3}}]},"41":{"type":"branch","line":372,"loc":{"start":{"line":372,"column":29},"end":{"line":377,"column":5}},"locations":[{"start":{"line":372,"column":29},"end":{"line":377,"column":5}}]},"42":{"type":"branch","line":383,"loc":{"start":{"line":383,"column":2},"end":{"line":434,"column":3}},"locations":[{"start":{"line":383,"column":2},"end":{"line":434,"column":3}}]},"43":{"type":"branch","line":399,"loc":{"start":{"line":399,"column":30},"end":{"line":401,"column":5}},"locations":[{"start":{"line":399,"column":30},"end":{"line":401,"column":5}}]},"44":{"type":"branch","line":404,"loc":{"start":{"line":404,"column":45},"end":{"line":408,"column":5}},"locations":[{"start":{"line":404,"column":45},"end":{"line":408,"column":5}}]},"45":{"type":"branch","line":405,"loc":{"start":{"line":405,"column":18},"end":{"line":405,"column":60}},"locations":[{"start":{"line":405,"column":18},"end":{"line":405,"column":60}}]},"46":{"type":"branch","line":405,"loc":{"start":{"line":405,"column":60},"end":{"line":407,"column":7}},"locations":[{"start":{"line":405,"column":60},"end":{"line":407,"column":7}}]},"47":{"type":"branch","line":414,"loc":{"start":{"line":414,"column":36},"end":{"line":416,"column":5}},"locations":[{"start":{"line":414,"column":36},"end":{"line":416,"column":5}}]},"48":{"type":"branch","line":419,"loc":{"start":{"line":419,"column":45},"end":{"line":423,"column":5}},"locations":[{"start":{"line":419,"column":45},"end":{"line":423,"column":5}}]},"49":{"type":"branch","line":420,"loc":{"start":{"line":420,"column":78},"end":{"line":422,"column":7}},"locations":[{"start":{"line":420,"column":78},"end":{"line":422,"column":7}}]},"50":{"type":"branch","line":426,"loc":{"start":{"line":426,"column":54},"end":{"line":426,"column":63}},"locations":[{"start":{"line":426,"column":54},"end":{"line":426,"column":63}}]}},"b":{"0":[9],"1":[9],"2":[4],"3":[0],"4":[4],"5":[3],"6":[0],"7":[4],"8":[4],"9":[3],"10":[4],"11":[3],"12":[1],"13":[5],"14":[1],"15":[3],"16":[2],"17":[3],"18":[2],"19":[1],"20":[2],"21":[1],"22":[0],"23":[0],"24":[5],"25":[0],"26":[5],"27":[1],"28":[4],"29":[1],"30":[1],"31":[1],"32":[4],"33":[2],"34":[4],"35":[4],"36":[0],"37":[0],"38":[5],"39":[1],"40":[1],"41":[0],"42":[4],"43":[3],"44":[3],"45":[2],"46":[1],"47":[2],"48":[3],"49":[2],"50":[3]},"fnMap":{"0":{"name":"<instance_members_initializer>","decl":{"start":{"line":4,"column":7},"end":{"line":435,"column":1}},"loc":{"start":{"line":4,"column":7},"end":{"line":435,"column":1}},"line":4},"1":{"name":"IdentityService","decl":{"start":{"line":7,"column":2},"end":{"line":9,"column":3}},"loc":{"start":{"line":7,"column":2},"end":{"line":9,"column":3}},"line":7},"2":{"name":"findMatchingContacts","decl":{"start":{"line":14,"column":2},"end":{"line":19,"column":3}},"loc":{"start":{"line":14,"column":2},"end":{"line":19,"column":3}},"line":14},"3":{"name":"determinePrimaryContact","decl":{"start":{"line":25,"column":2},"end":{"line":51,"column":3}},"loc":{"start":{"line":25,"column":2},"end":{"line":51,"column":3}},"line":25},"4":{"name":"createNewContact","decl":{"start":{"line":56,"column":2},"end":{"line":68,"column":3}},"loc":{"start":{"line":56,"column":2},"end":{"line":68,"column":3}},"line":56},"5":{"name":"isEmailNew","decl":{"start":{"line":73,"column":10},"end":{"line":78,"column":3}},"loc":{"start":{"line":73,"column":10},"end":{"line":78,"column":3}},"line":73},"6":{"name":"isPhoneNumberNew","decl":{"start":{"line":83,"column":10},"end":{"line":88,"column":3}},"loc":{"start":{"line":83,"column":10},"end":{"line":88,"column":3}},"line":83},"7":{"name":"shouldCreateSecondaryContact","decl":{"start":{"line":93,"column":10},"end":{"line":99,"column":3}},"loc":{"start":{"line":93,"column":10},"end":{"line":99,"column":3}},"line":93},"8":{"name":"createSecondaryContact","decl":{"start":{"line":105,"column":2},"end":{"line":116,"column":3}},"loc":{"start":{"line":105,"column":2},"end":{"line":116,"column":3}},"line":105},"9":{"name":"detectMultiplePrimaryContacts","decl":{"start":{"line":125,"column":10},"end":{"line":152,"column":3}},"loc":{"start":{"line":125,"column":10},"end":{"line":152,"column":3}},"line":125},"10":{"name":"linkContacts","decl":{"start":{"line":162,"column":2},"end":{"line":187,"column":3}},"loc":{"start":{"line":162,"column":2},"end":{"line":187,"column":3}},"line":162},"11":{"name":"consolidateContacts","decl":{"start":{"line":197,"column":2},"end":{"line":250,"column":3}},"loc":{"start":{"line":197,"column":2},"end":{"line":250,"column":3}},"line":197},"12":{"name":"reconcileIdentity","decl":{"start":{"line":261,"column":2},"end":{"line":318,"column":3}},"loc":{"start":{"line":261,"column":2},"end":{"line":318,"column":3}},"line":261},"13":{"name":"determinePrimaryContactFromMatches","decl":{"start":{"line":323,"column":2},"end":{"line":352,"column":3}},"loc":{"start":{"line":323,"column":2},"end":{"line":352,"column":3}},"line":323},"14":{"name":"linkContactsInTransaction","decl":{"start":{"line":357,"column":2},"end":{"line":378,"column":3}},"loc":{"start":{"line":357,"column":2},"end":{"line":378,"column":3}},"line":357},"15":{"name":"consolidateContactsWithRepo","decl":{"start":{"line":383,"column":2},"end":{"line":434,"column":3}},"loc":{"start":{"line":383,"column":2},"end":{"line":434,"column":3}},"line":383}},"f":{"0":9,"1":9,"2":0,"3":0,"4":0,"5":4,"6":3,"7":4,"8":0,"9":4,"10":3,"11":1,"12":5,"13":4,"14":1,"15":4}}
,"/Applications/bitespeed_assn/src/types/contact.ts": {"path":"/Applications/bitespeed_assn/src/types/contact.ts","all":true,"statementMap":{},"s":{},"branchMap":{"0":{"type":"branch","line":1,"loc":{"start":{"line":1,"column":774},"end":{"line":34,"column":1}},"locations":[{"start":{"line":1,"column":774},"end":{"line":34,"column":1}}]}},"b":{"0":[1]},"fnMap":{"0":{"name":"(empty-report)","decl":{"start":{"line":1,"column":774},"end":{"line":34,"column":1}},"loc":{"start":{"line":1,"column":774},"end":{"line":34,"column":1}},"line":1}},"f":{"0":1}}
}
